<?xml version="1.0" encoding="UTF-8"?>
<robot generator="Robot 4.1.3 (Python 3.11.4 on win32)" generated="20230725 21:34:17.816" rpa="false" schemaversion="2">
<suite id="s1" name="Challenge Portfolio Robotframework" source="C:\Users\justy\Documents\GitHub\challenge_portfolio_robotframework">
<suite id="s1-s1" name="Test Login Rf" source="C:\Users\justy\Documents\GitHub\challenge_portfolio_robotframework\test_login_rf.robot">
<test id="s1-s1-t1" name="Login to the system">
<kw name="Open login page">
<kw name="Open Browser" library="SeleniumLibrary">
<arg>${LOGIN URL}</arg>
<arg>${BROWSER}</arg>
<doc>Opens a new browser instance to the optional ``url``.</doc>
<msg timestamp="20230725 21:34:18.054" level="INFO">Opening browser 'Chrome' to base url 'https://scouts-test.futbolkolektyw.pl/en'.</msg>
<msg timestamp="20230725 21:34:18.066" level="INFO">Applicable driver not found; attempting to install with Selenium Manager (Beta)</msg>
<msg timestamp="20230725 21:34:18.800" level="WARN">Error getting version of chromedriver 115. Retrying with chromedriver 114 (attempt 1/5)</msg>
<status status="PASS" starttime="20230725 21:34:18.054" endtime="20230725 21:34:20.106"/>
</kw>
<kw name="Title Should Be" library="SeleniumLibrary">
<arg>Scouts panel - sign in</arg>
<doc>Verifies that the current page title equals ``title``.</doc>
<msg timestamp="20230725 21:34:20.110" level="INFO">Page title is 'Scouts panel - sign in'.</msg>
<status status="PASS" starttime="20230725 21:34:20.106" endtime="20230725 21:34:20.110"/>
</kw>
<status status="PASS" starttime="20230725 21:34:18.054" endtime="20230725 21:34:20.110"/>
</kw>
<kw name="Type in email">
<kw name="Input Text" library="SeleniumLibrary">
<arg>${EMAILINPUT}</arg>
<arg>user09@getnada.com</arg>
<doc>Types the given ``text`` into the text field identified by ``locator``.</doc>
<msg timestamp="20230725 21:34:20.110" level="INFO">Typing text 'user09@getnada.com' into text field 'xpath=//*[@id='login']'.</msg>
<status status="PASS" starttime="20230725 21:34:20.110" endtime="20230725 21:34:20.224"/>
</kw>
<status status="PASS" starttime="20230725 21:34:20.110" endtime="20230725 21:34:20.224"/>
</kw>
<kw name="Type in password">
<kw name="Input Text" library="SeleniumLibrary">
<arg>${PASSWORDINPUT}</arg>
<arg>Test-1234</arg>
<doc>Types the given ``text`` into the text field identified by ``locator``.</doc>
<msg timestamp="20230725 21:34:20.225" level="INFO">Typing text 'Test-1234' into text field 'xpath=//*[@id='password']'.</msg>
<status status="PASS" starttime="20230725 21:34:20.225" endtime="20230725 21:34:20.288"/>
</kw>
<status status="PASS" starttime="20230725 21:34:20.225" endtime="20230725 21:34:20.288"/>
</kw>
<kw name="Click on the Sign in button">
<kw name="Click Element" library="SeleniumLibrary">
<arg>${SIGNINBUTTON}</arg>
<doc>Click the element identified by ``locator``.</doc>
<msg timestamp="20230725 21:34:20.289" level="INFO">Clicking element 'xpath=//button/span[1]'.</msg>
<status status="PASS" starttime="20230725 21:34:20.289" endtime="20230725 21:34:20.320"/>
</kw>
<status status="PASS" starttime="20230725 21:34:20.288" endtime="20230725 21:34:20.320"/>
</kw>
<kw name="Assert dashboard">
<kw name="Wait Until Element Is Visible" library="SeleniumLibrary">
<arg>${MAINPAGEBUTTON}</arg>
<arg>20s</arg>
<doc>Waits until the element ``locator`` is visible.</doc>
<status status="PASS" starttime="20230725 21:34:20.321" endtime="20230725 21:34:21.566"/>
</kw>
<kw name="Title Should Be" library="SeleniumLibrary">
<arg>Scouts panel</arg>
<doc>Verifies that the current page title equals ``title``.</doc>
<msg timestamp="20230725 21:34:21.569" level="INFO">Page title is 'Scouts panel'.</msg>
<status status="PASS" starttime="20230725 21:34:21.567" endtime="20230725 21:34:21.569"/>
</kw>
<kw name="Capture Page Screenshot" library="SeleniumLibrary">
<arg>alert.png</arg>
<doc>Takes a screenshot of the current page and embeds it into a log file.</doc>
<msg timestamp="20230725 21:34:21.709" level="INFO" html="true">&lt;/td&gt;&lt;/tr&gt;&lt;tr&gt;&lt;td colspan="3"&gt;&lt;a href="alert.png"&gt;&lt;img src="alert.png" width="800px"&gt;&lt;/a&gt;</msg>
<status status="PASS" starttime="20230725 21:34:21.569" endtime="20230725 21:34:21.709"/>
</kw>
<status status="PASS" starttime="20230725 21:34:20.320" endtime="20230725 21:34:21.709"/>
</kw>
<kw name="Close Browser" library="SeleniumLibrary" type="TEARDOWN">
<doc>Closes the current browser.</doc>
<status status="PASS" starttime="20230725 21:34:21.710" endtime="20230725 21:34:23.794"/>
</kw>
<status status="PASS" starttime="20230725 21:34:18.053" endtime="20230725 21:34:23.794"/>
</test>
<test id="s1-s1-t2" name="Log in to the system with invalid password">
<kw name="Open login page">
<kw name="Open Browser" library="SeleniumLibrary">
<arg>${LOGIN URL}</arg>
<arg>${BROWSER}</arg>
<doc>Opens a new browser instance to the optional ``url``.</doc>
<msg timestamp="20230725 21:34:23.796" level="INFO">Opening browser 'Chrome' to base url 'https://scouts-test.futbolkolektyw.pl/en'.</msg>
<msg timestamp="20230725 21:34:23.806" level="INFO">Applicable driver not found; attempting to install with Selenium Manager (Beta)</msg>
<status status="PASS" starttime="20230725 21:34:23.796" endtime="20230725 21:34:25.167"/>
</kw>
<kw name="Title Should Be" library="SeleniumLibrary">
<arg>Scouts panel - sign in</arg>
<doc>Verifies that the current page title equals ``title``.</doc>
<msg timestamp="20230725 21:34:25.170" level="INFO">Page title is 'Scouts panel - sign in'.</msg>
<status status="PASS" starttime="20230725 21:34:25.167" endtime="20230725 21:34:25.170"/>
</kw>
<status status="PASS" starttime="20230725 21:34:23.795" endtime="20230725 21:34:25.170"/>
</kw>
<kw name="Type in email">
<kw name="Input Text" library="SeleniumLibrary">
<arg>${EMAILINPUT}</arg>
<arg>user09@getnada.com</arg>
<doc>Types the given ``text`` into the text field identified by ``locator``.</doc>
<msg timestamp="20230725 21:34:25.171" level="INFO">Typing text 'user09@getnada.com' into text field 'xpath=//*[@id='login']'.</msg>
<status status="PASS" starttime="20230725 21:34:25.171" endtime="20230725 21:34:25.270"/>
</kw>
<status status="PASS" starttime="20230725 21:34:25.171" endtime="20230725 21:34:25.270"/>
</kw>
<kw name="Type in incorrect password">
<kw name="Input Text" library="SeleniumLibrary">
<arg>${PASSWORDINPUT}</arg>
<arg>Test1234</arg>
<doc>Types the given ``text`` into the text field identified by ``locator``.</doc>
<msg timestamp="20230725 21:34:25.271" level="INFO">Typing text 'Test1234' into text field 'xpath=//*[@id='password']'.</msg>
<status status="PASS" starttime="20230725 21:34:25.271" endtime="20230725 21:34:25.332"/>
</kw>
<status status="PASS" starttime="20230725 21:34:25.271" endtime="20230725 21:34:25.332"/>
</kw>
<kw name="Click on the Sign in button">
<kw name="Click Element" library="SeleniumLibrary">
<arg>${SIGNINBUTTON}</arg>
<doc>Click the element identified by ``locator``.</doc>
<msg timestamp="20230725 21:34:25.332" level="INFO">Clicking element 'xpath=//button/span[1]'.</msg>
<status status="PASS" starttime="20230725 21:34:25.332" endtime="20230725 21:34:25.362"/>
</kw>
<status status="PASS" starttime="20230725 21:34:25.332" endtime="20230725 21:34:25.362"/>
</kw>
<kw name="Assert password error">
<kw name="Wait Until Element Is Visible" library="SeleniumLibrary">
<arg>${INVALID DATA CAPTION}</arg>
<doc>Waits until the element ``locator`` is visible.</doc>
<status status="PASS" starttime="20230725 21:34:25.362" endtime="20230725 21:34:25.994"/>
</kw>
<kw name="Element Text Should Be" library="SeleniumLibrary">
<arg>${INVALID DATA CAPTION}</arg>
<arg>Identifier or password invalid.</arg>
<doc>Verifies that element ``locator`` contains exact the text ``expected``.</doc>
<msg timestamp="20230725 21:34:25.994" level="INFO">Verifying element 'xpath=//span[contains(@class, 'caption')]' contains exact text 'Identifier or password invalid.'.</msg>
<status status="PASS" starttime="20230725 21:34:25.994" endtime="20230725 21:34:26.007"/>
</kw>
<kw name="Capture Page Screenshot" library="SeleniumLibrary">
<arg>screenshots/login/password-error.png</arg>
<doc>Takes a screenshot of the current page and embeds it into a log file.</doc>
<msg timestamp="20230725 21:34:26.122" level="INFO" html="true">&lt;/td&gt;&lt;/tr&gt;&lt;tr&gt;&lt;td colspan="3"&gt;&lt;a href="screenshots/login/password-error.png"&gt;&lt;img src="screenshots/login/password-error.png" width="800px"&gt;&lt;/a&gt;</msg>
<status status="PASS" starttime="20230725 21:34:26.007" endtime="20230725 21:34:26.122"/>
</kw>
<status status="PASS" starttime="20230725 21:34:25.362" endtime="20230725 21:34:26.122"/>
</kw>
<kw name="Close Browser" library="SeleniumLibrary" type="TEARDOWN">
<doc>Closes the current browser.</doc>
<status status="PASS" starttime="20230725 21:34:26.122" endtime="20230725 21:34:28.212"/>
</kw>
<status status="PASS" starttime="20230725 21:34:23.795" endtime="20230725 21:34:28.213"/>
</test>
<test id="s1-s1-t3" name="Log out of the system">
<kw name="Open login page">
<kw name="Open Browser" library="SeleniumLibrary">
<arg>${LOGIN URL}</arg>
<arg>${BROWSER}</arg>
<doc>Opens a new browser instance to the optional ``url``.</doc>
<msg timestamp="20230725 21:34:28.214" level="INFO">Opening browser 'Chrome' to base url 'https://scouts-test.futbolkolektyw.pl/en'.</msg>
<msg timestamp="20230725 21:34:28.225" level="INFO">Applicable driver not found; attempting to install with Selenium Manager (Beta)</msg>
<status status="PASS" starttime="20230725 21:34:28.214" endtime="20230725 21:34:30.549"/>
</kw>
<kw name="Title Should Be" library="SeleniumLibrary">
<arg>Scouts panel - sign in</arg>
<doc>Verifies that the current page title equals ``title``.</doc>
<msg timestamp="20230725 21:34:30.552" level="INFO">Page title is 'Scouts panel - sign in'.</msg>
<status status="PASS" starttime="20230725 21:34:30.549" endtime="20230725 21:34:30.552"/>
</kw>
<status status="PASS" starttime="20230725 21:34:28.214" endtime="20230725 21:34:30.552"/>
</kw>
<kw name="Type in email">
<kw name="Input Text" library="SeleniumLibrary">
<arg>${EMAILINPUT}</arg>
<arg>user09@getnada.com</arg>
<doc>Types the given ``text`` into the text field identified by ``locator``.</doc>
<msg timestamp="20230725 21:34:30.552" level="INFO">Typing text 'user09@getnada.com' into text field 'xpath=//*[@id='login']'.</msg>
<status status="PASS" starttime="20230725 21:34:30.552" endtime="20230725 21:34:30.650"/>
</kw>
<status status="PASS" starttime="20230725 21:34:30.552" endtime="20230725 21:34:30.650"/>
</kw>
<kw name="Type in password">
<kw name="Input Text" library="SeleniumLibrary">
<arg>${PASSWORDINPUT}</arg>
<arg>Test-1234</arg>
<doc>Types the given ``text`` into the text field identified by ``locator``.</doc>
<msg timestamp="20230725 21:34:30.650" level="INFO">Typing text 'Test-1234' into text field 'xpath=//*[@id='password']'.</msg>
<status status="PASS" starttime="20230725 21:34:30.650" endtime="20230725 21:34:30.711"/>
</kw>
<status status="PASS" starttime="20230725 21:34:30.650" endtime="20230725 21:34:30.711"/>
</kw>
<kw name="Click on the Sign in button">
<kw name="Click Element" library="SeleniumLibrary">
<arg>${SIGNINBUTTON}</arg>
<doc>Click the element identified by ``locator``.</doc>
<msg timestamp="20230725 21:34:30.712" level="INFO">Clicking element 'xpath=//button/span[1]'.</msg>
<status status="PASS" starttime="20230725 21:34:30.712" endtime="20230725 21:34:30.742"/>
</kw>
<status status="PASS" starttime="20230725 21:34:30.712" endtime="20230725 21:34:30.742"/>
</kw>
<kw name="Click on the Sign out button">
<kw name="Wait Until Element Is Visible" library="SeleniumLibrary">
<arg>${MAINPAGEBUTTON}</arg>
<arg>20s</arg>
<doc>Waits until the element ``locator`` is visible.</doc>
<status status="PASS" starttime="20230725 21:34:30.742" endtime="20230725 21:34:31.579"/>
</kw>
<kw name="Click Element" library="SeleniumLibrary">
<arg>${SIGNOUTBUTTON}</arg>
<doc>Click the element identified by ``locator``.</doc>
<msg timestamp="20230725 21:34:31.579" level="INFO">Clicking element 'xpath=//ul[2]//div[@role='button'][2]'.</msg>
<status status="PASS" starttime="20230725 21:34:31.579" endtime="20230725 21:34:31.615"/>
</kw>
<status status="PASS" starttime="20230725 21:34:30.742" endtime="20230725 21:34:31.615"/>
</kw>
<kw name="Assert login page">
<kw name="Wait Until Element Is Visible" library="SeleniumLibrary">
<arg>${LOGIN FORM}</arg>
<arg>20s</arg>
<doc>Waits until the element ``locator`` is visible.</doc>
<status status="PASS" starttime="20230725 21:34:31.615" endtime="20230725 21:34:31.630"/>
</kw>
<kw name="Title Should Be" library="SeleniumLibrary">
<arg>Scouts panel - sign in</arg>
<doc>Verifies that the current page title equals ``title``.</doc>
<msg timestamp="20230725 21:34:31.632" level="INFO">Page title is 'Scouts panel - sign in'.</msg>
<status status="PASS" starttime="20230725 21:34:31.630" endtime="20230725 21:34:31.632"/>
</kw>
<kw name="Capture Page Screenshot" library="SeleniumLibrary">
<arg>screenshots/login/login-page.png</arg>
<doc>Takes a screenshot of the current page and embeds it into a log file.</doc>
<msg timestamp="20230725 21:34:31.724" level="INFO" html="true">&lt;/td&gt;&lt;/tr&gt;&lt;tr&gt;&lt;td colspan="3"&gt;&lt;a href="screenshots/login/login-page.png"&gt;&lt;img src="screenshots/login/login-page.png" width="800px"&gt;&lt;/a&gt;</msg>
<status status="PASS" starttime="20230725 21:34:31.632" endtime="20230725 21:34:31.724"/>
</kw>
<status status="PASS" starttime="20230725 21:34:31.615" endtime="20230725 21:34:31.724"/>
</kw>
<kw name="Close Browser" library="SeleniumLibrary" type="TEARDOWN">
<doc>Closes the current browser.</doc>
<status status="PASS" starttime="20230725 21:34:31.725" endtime="20230725 21:34:33.802"/>
</kw>
<status status="PASS" starttime="20230725 21:34:28.213" endtime="20230725 21:34:33.802"/>
</test>
<test id="s1-s1-t4" name="Change language to Polish">
<kw name="Open login page">
<kw name="Open Browser" library="SeleniumLibrary">
<arg>${LOGIN URL}</arg>
<arg>${BROWSER}</arg>
<doc>Opens a new browser instance to the optional ``url``.</doc>
<msg timestamp="20230725 21:34:33.803" level="INFO">Opening browser 'Chrome' to base url 'https://scouts-test.futbolkolektyw.pl/en'.</msg>
<msg timestamp="20230725 21:34:33.814" level="INFO">Applicable driver not found; attempting to install with Selenium Manager (Beta)</msg>
<status status="PASS" starttime="20230725 21:34:33.803" endtime="20230725 21:34:36.462"/>
</kw>
<kw name="Title Should Be" library="SeleniumLibrary">
<arg>Scouts panel - sign in</arg>
<doc>Verifies that the current page title equals ``title``.</doc>
<msg timestamp="20230725 21:34:36.465" level="INFO">Page title is 'Scouts panel - sign in'.</msg>
<status status="PASS" starttime="20230725 21:34:36.462" endtime="20230725 21:34:36.465"/>
</kw>
<status status="PASS" starttime="20230725 21:34:33.803" endtime="20230725 21:34:36.465"/>
</kw>
<kw name="Click on the Change language button">
<kw name="Click Element" library="SeleniumLibrary">
<arg>${LANGUAGELISTBOX}</arg>
<doc>Click the element identified by ``locator``.</doc>
<msg timestamp="20230725 21:34:36.466" level="INFO">Clicking element 'xpath=//div[2]/div/div'.</msg>
<status status="PASS" starttime="20230725 21:34:36.465" endtime="20230725 21:34:36.504"/>
</kw>
<kw name="Click Element" library="SeleniumLibrary">
<arg>${POLSKIOPTIONBUTTON}</arg>
<doc>Click the element identified by ``locator``.</doc>
<msg timestamp="20230725 21:34:36.505" level="INFO">Clicking element 'xpath=//div[3]/ul/li[1]'.</msg>
<status status="PASS" starttime="20230725 21:34:36.504" endtime="20230725 21:34:36.545"/>
</kw>
<status status="PASS" starttime="20230725 21:34:36.465" endtime="20230725 21:34:36.545"/>
</kw>
<kw name="Assert language change">
<kw name="Wait Until Element Is Visible" library="SeleniumLibrary">
<arg>${SIGNINBUTTON}</arg>
<doc>Waits until the element ``locator`` is visible.</doc>
<status status="PASS" starttime="20230725 21:34:36.545" endtime="20230725 21:34:36.562"/>
</kw>
<kw name="Title Should Be" library="SeleniumLibrary">
<arg>Scouts panel - zaloguj</arg>
<doc>Verifies that the current page title equals ``title``.</doc>
<msg timestamp="20230725 21:34:36.566" level="INFO">Page title is 'Scouts panel - zaloguj'.</msg>
<status status="PASS" starttime="20230725 21:34:36.562" endtime="20230725 21:34:36.566"/>
</kw>
<status status="PASS" starttime="20230725 21:34:36.545" endtime="20230725 21:34:36.566"/>
</kw>
<kw name="Close Browser" library="SeleniumLibrary" type="TEARDOWN">
<doc>Closes the current browser.</doc>
<status status="PASS" starttime="20230725 21:34:36.566" endtime="20230725 21:34:38.648"/>
</kw>
<status status="PASS" starttime="20230725 21:34:33.803" endtime="20230725 21:34:38.649"/>
</test>
<test id="s1-s1-t5" name="Add player">
<kw name="Open login page">
<kw name="Open Browser" library="SeleniumLibrary">
<arg>${LOGIN URL}</arg>
<arg>${BROWSER}</arg>
<doc>Opens a new browser instance to the optional ``url``.</doc>
<msg timestamp="20230725 21:34:38.650" level="INFO">Opening browser 'Chrome' to base url 'https://scouts-test.futbolkolektyw.pl/en'.</msg>
<msg timestamp="20230725 21:34:38.661" level="INFO">Applicable driver not found; attempting to install with Selenium Manager (Beta)</msg>
<status status="PASS" starttime="20230725 21:34:38.650" endtime="20230725 21:34:40.102"/>
</kw>
<kw name="Title Should Be" library="SeleniumLibrary">
<arg>Scouts panel - sign in</arg>
<doc>Verifies that the current page title equals ``title``.</doc>
<msg timestamp="20230725 21:34:40.105" level="INFO">Page title is 'Scouts panel - sign in'.</msg>
<status status="PASS" starttime="20230725 21:34:40.102" endtime="20230725 21:34:40.105"/>
</kw>
<status status="PASS" starttime="20230725 21:34:38.650" endtime="20230725 21:34:40.105"/>
</kw>
<kw name="Type in email">
<kw name="Input Text" library="SeleniumLibrary">
<arg>${EMAILINPUT}</arg>
<arg>user09@getnada.com</arg>
<doc>Types the given ``text`` into the text field identified by ``locator``.</doc>
<msg timestamp="20230725 21:34:40.105" level="INFO">Typing text 'user09@getnada.com' into text field 'xpath=//*[@id='login']'.</msg>
<status status="PASS" starttime="20230725 21:34:40.105" endtime="20230725 21:34:40.208"/>
</kw>
<status status="PASS" starttime="20230725 21:34:40.105" endtime="20230725 21:34:40.208"/>
</kw>
<kw name="Type in password">
<kw name="Input Text" library="SeleniumLibrary">
<arg>${PASSWORDINPUT}</arg>
<arg>Test-1234</arg>
<doc>Types the given ``text`` into the text field identified by ``locator``.</doc>
<msg timestamp="20230725 21:34:40.209" level="INFO">Typing text 'Test-1234' into text field 'xpath=//*[@id='password']'.</msg>
<status status="PASS" starttime="20230725 21:34:40.209" endtime="20230725 21:34:40.270"/>
</kw>
<status status="PASS" starttime="20230725 21:34:40.208" endtime="20230725 21:34:40.270"/>
</kw>
<kw name="Click on the Sign in button">
<kw name="Click Element" library="SeleniumLibrary">
<arg>${SIGNINBUTTON}</arg>
<doc>Click the element identified by ``locator``.</doc>
<msg timestamp="20230725 21:34:40.271" level="INFO">Clicking element 'xpath=//button/span[1]'.</msg>
<status status="PASS" starttime="20230725 21:34:40.271" endtime="20230725 21:34:40.301"/>
</kw>
<status status="PASS" starttime="20230725 21:34:40.270" endtime="20230725 21:34:40.301"/>
</kw>
<kw name="Click on the Add player button">
<kw name="Wait Until Element Is Visible" library="SeleniumLibrary">
<arg>${MAINPAGEBUTTON}</arg>
<arg>20s</arg>
<doc>Waits until the element ``locator`` is visible.</doc>
<status status="PASS" starttime="20230725 21:34:40.302" endtime="20230725 21:34:42.165"/>
</kw>
<kw name="Click Element" library="SeleniumLibrary">
<arg>${ADDPLAYERBUTTON}</arg>
<doc>Click the element identified by ``locator``.</doc>
<msg timestamp="20230725 21:34:42.165" level="INFO">Clicking element 'xpath=//a[contains(@href,'add')]'.</msg>
<status status="PASS" starttime="20230725 21:34:42.165" endtime="20230725 21:34:42.193"/>
</kw>
<status status="PASS" starttime="20230725 21:34:40.302" endtime="20230725 21:34:42.193"/>
</kw>
<kw name="Type in name">
<kw name="Wait Until Element Is Visible" library="SeleniumLibrary">
<arg>${FORMTITLE}</arg>
<doc>Waits until the element ``locator`` is visible.</doc>
<status status="PASS" starttime="20230725 21:34:42.193" endtime="20230725 21:34:42.251"/>
</kw>
<kw name="Input Text" library="SeleniumLibrary">
<arg>${NAMEFIELD}</arg>
<arg>Marian</arg>
<doc>Types the given ``text`` into the text field identified by ``locator``.</doc>
<msg timestamp="20230725 21:34:42.251" level="INFO">Typing text 'Marian' into text field 'xpath=//input[@name='name']'.</msg>
<status status="PASS" starttime="20230725 21:34:42.251" endtime="20230725 21:34:42.312"/>
</kw>
<status status="PASS" starttime="20230725 21:34:42.193" endtime="20230725 21:34:42.312"/>
</kw>
<kw name="Type in surname">
<kw name="Input Text" library="SeleniumLibrary">
<arg>${SURNAMEFIELD}</arg>
<arg>Kowalski</arg>
<doc>Types the given ``text`` into the text field identified by ``locator``.</doc>
<msg timestamp="20230725 21:34:42.313" level="INFO">Typing text 'Kowalski' into text field 'xpath=//input[@name='surname']'.</msg>
<status status="PASS" starttime="20230725 21:34:42.313" endtime="20230725 21:34:42.380"/>
</kw>
<status status="PASS" starttime="20230725 21:34:42.313" endtime="20230725 21:34:42.380"/>
</kw>
<kw name="Type in age">
<kw name="Input Text" library="SeleniumLibrary">
<arg>${AGEFIELD}</arg>
<arg>01-01-1986</arg>
<doc>Types the given ``text`` into the text field identified by ``locator``.</doc>
<msg timestamp="20230725 21:34:42.381" level="INFO">Typing text '01-01-1986' into text field 'xpath=//input[@name='age']'.</msg>
<status status="PASS" starttime="20230725 21:34:42.381" endtime="20230725 21:34:42.436"/>
</kw>
<status status="PASS" starttime="20230725 21:34:42.381" endtime="20230725 21:34:42.436"/>
</kw>
<kw name="Type in main position">
<kw name="Input Text" library="SeleniumLibrary">
<arg>${MAINPOSITIONFIELD}</arg>
<arg>Striker</arg>
<doc>Types the given ``text`` into the text field identified by ``locator``.</doc>
<msg timestamp="20230725 21:34:42.437" level="INFO">Typing text 'Striker' into text field 'xpath=//input[@name='mainPosition']'.</msg>
<status status="PASS" starttime="20230725 21:34:42.437" endtime="20230725 21:34:42.495"/>
</kw>
<status status="PASS" starttime="20230725 21:34:42.436" endtime="20230725 21:34:42.495"/>
</kw>
<kw name="Click on the Submit button">
<kw name="Click Element" library="SeleniumLibrary">
<arg>${SUBMITBUTTON}</arg>
<doc>Click the element identified by ``locator``.</doc>
<msg timestamp="20230725 21:34:42.496" level="INFO">Clicking element 'xpath=//button[@type='submit']'.</msg>
<status status="PASS" starttime="20230725 21:34:42.496" endtime="20230725 21:34:42.533"/>
</kw>
<status status="PASS" starttime="20230725 21:34:42.496" endtime="20230725 21:34:42.533"/>
</kw>
<kw name="Assert edit player page">
<kw name="Wait Until Element Is Visible" library="SeleniumLibrary">
<arg>${PROGRESSBARTOASTER}</arg>
<arg>20s</arg>
<doc>Waits until the element ``locator`` is visible.</doc>
<status status="PASS" starttime="20230725 21:34:42.534" endtime="20230725 21:34:44.004"/>
</kw>
<kw name="Element Should Contain" library="SeleniumLibrary">
<arg>${FORMTITLE}</arg>
<arg>Edit player</arg>
<doc>Verifies that element ``locator`` contains text ``expected``.</doc>
<msg timestamp="20230725 21:34:44.016" level="INFO">Element 'xpath=//form//*[contains(@class, 'h5')]' contains text 'Edit player'.</msg>
<status status="PASS" starttime="20230725 21:34:44.004" endtime="20230725 21:34:44.016"/>
</kw>
<kw name="Capture Page Screenshot" library="SeleniumLibrary">
<arg>screenshots/add-player/player-added.png</arg>
<doc>Takes a screenshot of the current page and embeds it into a log file.</doc>
<msg timestamp="20230725 21:34:44.166" level="INFO" html="true">&lt;/td&gt;&lt;/tr&gt;&lt;tr&gt;&lt;td colspan="3"&gt;&lt;a href="screenshots/add-player/player-added.png"&gt;&lt;img src="screenshots/add-player/player-added.png" width="800px"&gt;&lt;/a&gt;</msg>
<status status="PASS" starttime="20230725 21:34:44.017" endtime="20230725 21:34:44.166"/>
</kw>
<status status="PASS" starttime="20230725 21:34:42.533" endtime="20230725 21:34:44.166"/>
</kw>
<kw name="Close Browser" library="SeleniumLibrary" type="TEARDOWN">
<doc>Closes the current browser.</doc>
<status status="PASS" starttime="20230725 21:34:44.166" endtime="20230725 21:34:46.257"/>
</kw>
<status status="PASS" starttime="20230725 21:34:38.649" endtime="20230725 21:34:46.257"/>
</test>
<doc>Suite description #automated tests for scout website</doc>
<status status="PASS" starttime="20230725 21:34:17.833" endtime="20230725 21:34:46.258"/>
</suite>
<status status="PASS" starttime="20230725 21:34:17.818" endtime="20230725 21:34:46.259"/>
</suite>
<statistics>
<total>
<stat pass="5" fail="0" skip="0">All Tests</stat>
</total>
<tag>
</tag>
<suite>
<stat pass="5" fail="0" skip="0" id="s1" name="Challenge Portfolio Robotframework">Challenge Portfolio Robotframework</stat>
<stat pass="5" fail="0" skip="0" id="s1-s1" name="Test Login Rf">Challenge Portfolio Robotframework.Test Login Rf</stat>
</suite>
</statistics>
<errors>
<msg timestamp="20230725 21:34:18.800" level="WARN">Error getting version of chromedriver 115. Retrying with chromedriver 114 (attempt 1/5)</msg>
</errors>
</robot>
